<?xml version="1.0" encoding="UTF-8"?>
<testng-results ignored="0" total="2" passed="2" failed="0" skipped="0">
  <reporter-output>
  </reporter-output>
  <suite started-at="2022-10-11T17:56:49 IST" name="Default suite" finished-at="2022-10-11T17:57:46 IST" duration-ms="57476">
    <groups>
    </groups>
    <test started-at="2022-10-11T17:56:49 IST" name="Default test" finished-at="2022-10-11T17:57:46 IST" duration-ms="57476">
      <class name="Abhibus.Abhibus">
        <test-method signature="login()[pri:0, instance:Abhibus.Abhibus@36902638]" started-at="2022-10-11T17:56:49 IST" name="login" finished-at="2022-10-11T17:57:03 IST" duration-ms="14196" status="PASS">
          <reporter-output>
          </reporter-output>
        </test-method> <!-- login -->
        <test-method signature="user()[pri:0, instance:Abhibus.Abhibus@36902638]" started-at="2022-10-11T17:57:03 IST" name="user" finished-at="2022-10-11T17:57:46 IST" duration-ms="43205" status="PASS">
          <reporter-output>
          </reporter-output>
        </test-method> <!-- user -->
      </class> <!-- Abhibus.Abhibus -->
    </test> <!-- Default test -->
  </suite> <!-- Default suite -->
</testng-results>
