<?xml version="1.0" encoding="UTF-8"?>
<testng-results ignored="0" total="1" passed="1" failed="0" skipped="0">
  <reporter-output>
  </reporter-output>
  <suite started-at="2022-10-10T16:24:16 IST" name="Default suite" finished-at="2022-10-10T16:24:56 IST" duration-ms="39487">
    <groups>
    </groups>
    <test started-at="2022-10-10T16:24:16 IST" name="Default test" finished-at="2022-10-10T16:24:56 IST" duration-ms="39487">
      <class name="Abhibus.Abhibus">
        <test-method signature="loginpage()[pri:0, instance:Abhibus.Abhibus@1d2adfbe]" started-at="2022-10-10T16:24:16 IST" name="loginpage" finished-at="2022-10-10T16:24:56 IST" duration-ms="39430" status="PASS">
          <reporter-output>
          </reporter-output>
        </test-method> <!-- loginpage -->
      </class> <!-- Abhibus.Abhibus -->
    </test> <!-- Default test -->
  </suite> <!-- Default suite -->
</testng-results>
